# JRE version: Java(TM) SE Runtime Environment (8.0_221-b11) (build 1.8.0_221-b11)
# Java VM: Java HotSpot(TM) 64-Bit Server VM (25.221-b11 mixed mode windows-amd64 compressed oops)
Heap:
 PSYoungGen      total 120320K, used 75166K [0x00000000d6100000, 0x00000000de180000, 0x0000000100000000)
  eden space 109056K, 68% used [0x00000000d6100000,0x00000000daa67940,0x00000000dcb80000)
  from space 11264K, 0% used [0x00000000dd680000,0x00000000dd680000,0x00000000de180000)
  to   space 11264K, 0% used [0x00000000dcb80000,0x00000000dcb80000,0x00000000dd680000)
 ParOldGen       total 52736K, used 8962K [0x0000000082200000, 0x0000000085580000, 0x00000000d6100000)
  object space 52736K, 16% used [0x0000000082200000,0x0000000082ac0b20,0x0000000085580000)
 Metaspace       used 29280K, capacity 31604K, committed 32256K, reserved 1079296K
  class space    used 4092K, capacity 4471K, committed 4608K, reserved 1048576K
GC Heap History (10 events):
Event: 1878.950 GC heap before
{Heap before GC invocations=20 (full 8):
 PSYoungGen      total 120320K, used 2094K [0x00000000d6100000, 0x00000000de180000, 0x0000000100000000)
  eden space 109056K, 0% used [0x00000000d6100000,0x00000000d6100000,0x00000000dcb80000)
  from space 11264K, 18% used [0x00000000dd680000,0x00000000dd88bbc0,0x00000000de180000)
  to   space 11264K, 0% used [0x00000000dcb80000,0x00000000dcb80000,0x00000000dd680000)
 ParOldGen       total 52736K, used 10663K [0x0000000082200000, 0x0000000085580000, 0x00000000d6100000)
  object space 52736K, 20% used [0x0000000082200000,0x0000000082c69f80,0x0000000085580000)
 Metaspace       used 29379K, capacity 31842K, committed 31872K, reserved 1081344K
  class space    used 4095K, capacity 4474K, committed 4480K, reserved 1048576K
Event: 1879.003 GC heap after
Heap after GC invocations=20 (full 8):
 PSYoungGen      total 120320K, used 0K [0x00000000d6100000, 0x00000000de180000, 0x0000000100000000)
  eden space 109056K, 0% used [0x00000000d6100000,0x00000000d6100000,0x00000000dcb80000)
  from space 11264K, 0% used [0x00000000dd680000,0x00000000dd680000,0x00000000de180000)
  to   space 11264K, 0% used [0x00000000dcb80000,0x00000000dcb80000,0x00000000dd680000)
 ParOldGen       total 52736K, used 11825K [0x0000000082200000, 0x0000000085580000, 0x00000000d6100000)
  object space 52736K, 22% used [0x0000000082200000,0x0000000082d8c578,0x0000000085580000)
 Metaspace       used 29379K, capacity 31842K, committed 31872K, reserved 1079296K
  class space    used 4095K, capacity 4474K, committed 4480K, reserved 1048576K
}
Event: 1879.003 GC heap before
{Heap before GC invocations=21 (full 8):
 PSYoungGen      total 120320K, used 0K [0x00000000d6100000, 0x00000000de180000, 0x0000000100000000)
  eden space 109056K, 0% used [0x00000000d6100000,0x00000000d6100000,0x00000000dcb80000)
  from space 11264K, 0% used [0x00000000dd680000,0x00000000dd680000,0x00000000de180000)
  to   space 11264K, 0% used [0x00000000dcb80000,0x00000000dcb80000,0x00000000dd680000)
 ParOldGen       total 52736K, used 11825K [0x0000000082200000, 0x0000000085580000, 0x00000000d6100000)
  object space 52736K, 22% used [0x0000000082200000,0x0000000082d8c578,0x0000000085580000)
 Metaspace       used 29379K, capacity 31842K, committed 31872K, reserved 1083392K
  class space    used 4095K, capacity 4474K, committed 4480K, reserved 1048576K
Event: 1879.004 GC heap after
Heap after GC invocations=21 (full 8):
 PSYoungGen      total 120320K, used 0K [0x00000000d6100000, 0x00000000de180000, 0x0000000100000000)
  eden space 109056K, 0% used [0x00000000d6100000,0x00000000d6100000,0x00000000dcb80000)
  from space 11264K, 0% used [0x00000000dcb80000,0x00000000dcb80000,0x00000000dd680000)
  to   space 11264K, 0% used [0x00000000dd680000,0x00000000dd680000,0x00000000de180000)
 ParOldGen       total 52736K, used 11825K [0x0000000082200000, 0x0000000085580000, 0x00000000d6100000)
  object space 52736K, 22% used [0x0000000082200000,0x0000000082d8c578,0x0000000085580000)
 Metaspace       used 29379K, capacity 31842K, committed 31872K, reserved 1083392K
  class space    used 4095K, capacity 4474K, committed 4480K, reserved 1048576K
}
Event: 1879.004 GC heap before
{Heap before GC invocations=22 (full 9):
 PSYoungGen      total 120320K, used 0K [0x00000000d6100000, 0x00000000de180000, 0x0000000100000000)
  eden space 109056K, 0% used [0x00000000d6100000,0x00000000d6100000,0x00000000dcb80000)
  from space 11264K, 0% used [0x00000000dcb80000,0x00000000dcb80000,0x00000000dd680000)
  to   space 11264K, 0% used [0x00000000dd680000,0x00000000dd680000,0x00000000de180000)
 ParOldGen       total 52736K, used 11825K [0x0000000082200000, 0x0000000085580000, 0x00000000d6100000)
  object space 52736K, 22% used [0x0000000082200000,0x0000000082d8c578,0x0000000085580000)
 Metaspace       used 29379K, capacity 31842K, committed 31872K, reserved 1083392K
  class space    used 4095K, capacity 4474K, committed 4480K, reserved 1048576K
Event: 1879.097 GC heap after
Heap after GC invocations=22 (full 9):
 PSYoungGen      total 120320K, used 0K [0x00000000d6100000, 0x00000000de180000, 0x0000000100000000)
  eden space 109056K, 0% used [0x00000000d6100000,0x00000000d6100000,0x00000000dcb80000)
  from space 11264K, 0% used [0x00000000dcb80000,0x00000000dcb80000,0x00000000dd680000)
  to   space 11264K, 0% used [0x00000000dd680000,0x00000000dd680000,0x00000000de180000)
 ParOldGen       total 52736K, used 9147K [0x0000000082200000, 0x0000000085580000, 0x00000000d6100000)
  object space 52736K, 17% used [0x0000000082200000,0x0000000082aeed80,0x0000000085580000)
 Metaspace       used 29092K, capacity 31360K, committed 31872K, reserved 1079296K
  class space    used 4048K, capacity 4389K, committed 4480K, reserved 1048576K
}
Event: 1879.230 GC heap before
{Heap before GC invocations=23 (full 9):
 PSYoungGen      total 120320K, used 4059K [0x00000000d6100000, 0x00000000de180000, 0x0000000100000000)
  eden space 109056K, 3% used [0x00000000d6100000,0x00000000d64f6d90,0x00000000dcb80000)
  from space 11264K, 0% used [0x00000000dcb80000,0x00000000dcb80000,0x00000000dd680000)
  to   space 11264K, 0% used [0x00000000dd680000,0x00000000dd680000,0x00000000de180000)
 ParOldGen       total 52736K, used 9147K [0x0000000082200000, 0x0000000085580000, 0x00000000d6100000)
  object space 52736K, 17% used [0x0000000082200000,0x0000000082aeed80,0x0000000085580000)
 Metaspace       used 29155K, capacity 31478K, committed 32128K, reserved 1079296K
  class space    used 4059K, capacity 4398K, committed 4480K, reserved 1048576K
Event: 1879.232 GC heap after
Heap after GC invocations=23 (full 9):
 PSYoungGen      total 120320K, used 768K [0x00000000d6100000, 0x00000000de180000, 0x0000000100000000)
  eden space 109056K, 0% used [0x00000000d6100000,0x00000000d6100000,0x00000000dcb80000)
  from space 11264K, 6% used [0x00000000dd680000,0x00000000dd740000,0x00000000de180000)
  to   space 11264K, 0% used [0x00000000dcb80000,0x00000000dcb80000,0x00000000dd680000)
 ParOldGen       total 52736K, used 9147K [0x0000000082200000, 0x0000000085580000, 0x00000000d6100000)
  object space 52736K, 17% used [0x0000000082200000,0x0000000082aeed80,0x0000000085580000)
 Metaspace       used 29155K, capacity 31478K, committed 32128K, reserved 1079296K
  class space    used 4059K, capacity 4398K, committed 4480K, reserved 1048576K
}
Event: 1879.232 GC heap before
{Heap before GC invocations=24 (full 10):
 PSYoungGen      total 120320K, used 768K [0x00000000d6100000, 0x00000000de180000, 0x0000000100000000)
  eden space 109056K, 0% used [0x00000000d6100000,0x00000000d6100000,0x00000000dcb80000)
  from space 11264K, 6% used [0x00000000dd680000,0x00000000dd740000,0x00000000de180000)
  to   space 11264K, 0% used [0x00000000dcb80000,0x00000000dcb80000,0x00000000dd680000)
 ParOldGen       total 52736K, used 9147K [0x0000000082200000, 0x0000000085580000, 0x00000000d6100000)
  object space 52736K, 17% used [0x0000000082200000,0x0000000082aeed80,0x0000000085580000)
 Metaspace       used 29155K, capacity 31478K, committed 32128K, reserved 1079296K
  class space    used 4059K, capacity 4398K, committed 4480K, reserved 1048576K
Event: 1879.282 GC heap after
Heap after GC invocations=24 (full 10):
 PSYoungGen      total 120320K, used 0K [0x00000000d6100000, 0x00000000de180000, 0x0000000100000000)
  eden space 109056K, 0% used [0x00000000d6100000,0x00000000d6100000,0x00000000dcb80000)
  from space 11264K, 0% used [0x00000000dd680000,0x00000000dd680000,0x00000000de180000)
  to   space 11264K, 0% used [0x00000000dcb80000,0x00000000dcb80000,0x00000000dd680000)
 ParOldGen       total 52736K, used 8962K [0x0000000082200000, 0x0000000085580000, 0x00000000d6100000)
  object space 52736K, 16% used [0x0000000082200000,0x0000000082ac0b20,0x0000000085580000)
 Metaspace       used 29064K, capacity 31150K, committed 32128K, reserved 1079296K
  class space    used 4052K, capacity 4390K, committed 4480K, reserved 1048576K
}

